<?xml version="1.0" encoding="UTF-8"?>
<!-- Generated by org.testng.reporters.JUnitReportReporter -->
<testsuite skipped="2" hostname="LAPTOP-D2GVCL39" name="selnium.MyFirstMavenProject.AssertsInTestNG.enableDependentInvocation" tests="8" failures="1" timestamp="2020-10-02T21:30:52 IST" time="0.034" errors="0">
  <testcase name="TT" time="0.002" classname="selnium.MyFirstMavenProject.AssertsInTestNG.enableDependentInvocation"/>
  <system-out/>
  <testcase name="TT" time="0.002" classname="selnium.MyFirstMavenProject.AssertsInTestNG.enableDependentInvocation"/>
  <system-out/>
  <testcase name="TT" time="0.007" classname="selnium.MyFirstMavenProject.AssertsInTestNG.enableDependentInvocation"/>
  <system-out/>
  <testcase name="verifyUserCanSendEmail" time="0.001" classname="selnium.MyFirstMavenProject.AssertsInTestNG.enableDependentInvocation">
    <skipped/>
  </testcase> <!-- verifyUserCanSendEmail -->
  <system-out/>
  <testcase name="verifyUserCanLoginToSystem" time="0.016" classname="selnium.MyFirstMavenProject.AssertsInTestNG.enableDependentInvocation">
    <failure type="java.lang.AssertionError" message="User name is not displayed on UI expected [true] but found [false]">
      <![CDATA[java.lang.AssertionError: User name is not displayed on UI expected [true] but found [false]
at org.testng.Assert.fail(Assert.java:99)
at org.testng.Assert.failNotEquals(Assert.java:1037)
at org.testng.Assert.assertTrue(Assert.java:45)
at selnium.MyFirstMavenProject.AssertsInTestNG.enableDependentInvocation.verifyUserCanLoginToSystem(enableDependentInvocation.java:41)
at sun.reflect.NativeMethodAccessorImpl.invoke0(Native Method)
at sun.reflect.NativeMethodAccessorImpl.invoke(Unknown Source)
at sun.reflect.DelegatingMethodAccessorImpl.invoke(Unknown Source)
at java.lang.reflect.Method.invoke(Unknown Source)
at org.testng.internal.MethodInvocationHelper.invokeMethod(MethodInvocationHelper.java:132)
at org.testng.internal.TestInvoker.invokeMethod(TestInvoker.java:599)
at org.testng.internal.TestInvoker.invokeTestMethod(TestInvoker.java:174)
at org.testng.internal.MethodRunner.runInSequence(MethodRunner.java:46)
at org.testng.internal.TestInvoker$MethodInvocationAgent.invoke(TestInvoker.java:822)
at org.testng.internal.TestInvoker.invokeTestMethods(TestInvoker.java:147)
at org.testng.internal.TestMethodWorker.invokeTestMethods(TestMethodWorker.java:146)
at org.testng.internal.TestMethodWorker.run(TestMethodWorker.java:128)
at java.util.ArrayList.forEach(Unknown Source)
at org.testng.TestRunner.privateRun(TestRunner.java:764)
at org.testng.TestRunner.run(TestRunner.java:585)
at org.testng.SuiteRunner.runTest(SuiteRunner.java:384)
at org.testng.SuiteRunner.runSequentially(SuiteRunner.java:378)
at org.testng.SuiteRunner.privateRun(SuiteRunner.java:337)
at org.testng.SuiteRunner.run(SuiteRunner.java:286)
at org.testng.SuiteRunnerWorker.runSuite(SuiteRunnerWorker.java:53)
at org.testng.SuiteRunnerWorker.run(SuiteRunnerWorker.java:96)
at org.testng.TestNG.runSuitesSequentially(TestNG.java:1218)
at org.testng.TestNG.runSuitesLocally(TestNG.java:1140)
at org.testng.TestNG.runSuites(TestNG.java:1069)
at org.testng.TestNG.run(TestNG.java:1037)
at org.testng.remote.AbstractRemoteTestNG.run(AbstractRemoteTestNG.java:115)
at org.testng.remote.RemoteTestNG.initAndRun(RemoteTestNG.java:251)
at org.testng.remote.RemoteTestNG.main(RemoteTestNG.java:77)
]]>
    </failure>
  </testcase> <!-- verifyUserCanLoginToSystem -->
  <system-out/>
  <testcase name="TT" time="0.003" classname="selnium.MyFirstMavenProject.AssertsInTestNG.enableDependentInvocation"/>
  <system-out/>
  <testcase name="TT" time="0.003" classname="selnium.MyFirstMavenProject.AssertsInTestNG.enableDependentInvocation"/>
  <system-out/>
  <testcase name="verifyUserCanSeeEmailInSendBox" classname="selnium.MyFirstMavenProject.AssertsInTestNG.enableDependentInvocation">
    <skipped/>
  </testcase> <!-- verifyUserCanSeeEmailInSendBox -->
  <system-out/>
</testsuite> <!-- selnium.MyFirstMavenProject.AssertsInTestNG.enableDependentInvocation -->
